
  ++++++++++++++++++++++++++++++++++++++++++++
  +     MAD-X 5.03.06  (64 bit, Linux)       +
  + Support: mad@cern.ch, http://cern.ch/mad +
  + Release   date: 2017.05.29               +
  + Execution date: 2017.08.02 12:44:01      +
  ++++++++++++++++++++++++++++++++++++++++++++
option, warn,info;

system,"rm -rf temp"; system,"mkdir temp";

system,"ln -fns ../../hllhc13 slhc";

system,"ln -fns ../../lhcrunIII lhc";



Option, -echo,-warn,-info;

++++++ warning: implicit element re-definition ignored: marks.l1
++++++ warning: implicit element re-definition ignored: marke.l1
++++++ warning: implicit element re-definition ignored: marke.r1
++++++ warning: implicit element re-definition ignored: marks.r1
++++++ warning: implicit element re-definition ignored: marks.l5
++++++ warning: implicit element re-definition ignored: marke.l5
++++++ warning: implicit element re-definition ignored: marke.r5
++++++ warning: implicit element re-definition ignored: marks.r5
++++++ warning: ignored because of unknown element: ms.10l1.b1
++++++ warning: ignored because of unknown element: ms.10r1.b1
++++++ warning: ignored because of unknown element: ms.10l5.b1
++++++ warning: ignored because of unknown element: ms.10r5.b1
++++++ warning: ignored because of unknown element: mcbh.10l1.b1
++++++ warning: ignored because of unknown element: mcbv.10r1.b1
++++++ warning: ignored because of unknown element: mcbh.10l5.b1
++++++ warning: ignored because of unknown element: mcbv.10r5.b1
++++++ warning: implicit element re-definition ignored: marks.l1
++++++ warning: implicit element re-definition ignored: marke.l1
++++++ warning: implicit element re-definition ignored: marke.r1
++++++ warning: implicit element re-definition ignored: marks.r1
++++++ warning: implicit element re-definition ignored: marks.l5
++++++ warning: implicit element re-definition ignored: marke.l5
++++++ warning: implicit element re-definition ignored: marke.r5
++++++ warning: implicit element re-definition ignored: marks.r5
++++++ warning: ignored because of unknown element: ms.10l1.b2
++++++ warning: ignored because of unknown element: ms.10r1.b2
++++++ warning: ignored because of unknown element: ms.10l5.b2
++++++ warning: ignored because of unknown element: ms.10r5.b2
++++++ warning: ignored because of unknown element: mcbv.10l1.b2
++++++ warning: ignored because of unknown element: mcbh.10r1.b2
++++++ warning: ignored because of unknown element: mcbv.10l5.b2
++++++ warning: ignored because of unknown element: mcbh.10r5.b2
postas             =              19.95 ;
posq1a             =              25.02 ;
posq1b             =             29.826 ;
posq2a             =             39.129 ;
posq2b             =             48.387 ;
posq3a             =              57.69 ;
posq3b             =             62.496 ;
posq1a             =              25.02 ;
posq1b             =             29.826 ;
posq2a             =             39.129 ;
posq2b             =             48.387 ;
posq3a             =              57.69 ;
posq3b             =             62.496 ;
kmax_mcbxfb        =        2.083333333 ;
posmcbxfba         =             34.466 ;
posmcbxfba         =             34.466 ;
posmcbxfbb         =              53.05 ;
posmcbxfbb         =              53.05 ;
posmcbxfa          =             68.443 ;
posmqsxf           =             70.249 ;
posmctxf           =             71.021 ;
posmctsxf          =             71.431 ;
posmcdxf           =              71.67 ;
posmcdsxf          =             71.912 ;
posmcoxf           =             72.154 ;
posmcosxf          =             72.396 ;
posmcsxf           =             72.644 ;
posmcssxf          =             72.898 ;
posmcbxfa          =             68.443 ;
posmcbxfa          =             68.443 ;
posmqsxf           =             70.249 ;
posmctxf           =             71.021 ;
posmctsxf          =             71.431 ;
posmcdxf           =              71.67 ;
posmcdsxf          =             71.912 ;
posmcoxf           =             72.154 ;
posmcosxf          =             72.396 ;
posmcsxf           =             72.644 ;
posmcssxf          =             72.898 ;
posd1              =             77.782 ;
posdfxj            =             83.956 ;
posbpm1            =             21.853 ;
posbpm2            =             33.073 ;
posbpm3            =             43.858 ;
posbpm4            =             54.643 ;
posbpm5            =             65.743 ;
posbpm6            =             73.697 ;
posbpm7            =             86.845 ;
posbpm1            =             21.853 ;
posbpm2            =             33.073 ;
posbpm3            =             43.858 ;
posbpm4            =             54.643 ;
posbpm5            =             65.743 ;
posbpm6            =             73.697 ;
posbpm7            =             86.845 ;
posd1              =             77.782 ;
posd2              =            142.513 ;
posd2-posd1        =             64.731 ;
posmcbrda          =            147.713 ;
posmcbrdb          =            149.968 ;
ad1.lr1            =     0.001498508093 ;
l.mbxf             =               6.27 ;
ad1.lr1/l.mbxf*brho =        5.580305347 ;
ad1.lr1*brho       =        34.98851453 ;
ad2.l1             =     0.001498508093 ;
l.mbrd             =               7.78 ;
ad2.l1/l.mbrd*brho =        4.497238371 ;
ad2.l1*brho        =        34.98851453 ;
posd2              =            142.513 ;
posbpmwq           =           136.7955 ;
posmcbrda          =            147.713 ;
posmcbrdb          =            149.968 ;
posmcbrdb          =            149.968 ;
posmcbrda          =            147.713 ;
posq4              =              179.6 ;
posmcby.a4         =            177.252 ;
posmcby.b4         =            176.015 ;
posmcby.c4         =            174.778 ;
posmcby.d4         =            173.541 ;
posbpmya.4         =            182.104 ;
posq4              =              179.6 ;
posmcby.c4         =            174.778 ;
posmcby.d4         =            173.541 ;
posmcby.d4         =            173.541 ;
posmcby.c4         =            174.778 ;
posmcby.a4         =            177.252 ;
posmcby.b4         =            176.015 ;
posmcby.b4         =            176.015 ;
posmcby.a4         =            177.252 ;
posq5              =             207.49 ;
posq5              =             207.49 ;
dposbpmy.5         =              2.674 ;
dposmcby.b5        =              2.522 ;
dposmcby.5         =              3.818 ;
dposmcby.a5        =              5.114 ;
posq6              =             228.39 ;
dposmcbc           =              3.042 ;
dposbpm            =              3.145 ;
posq6              =             228.39 ;
posmsq10           =              2.745 ;
posmcbq10          =              3.338 ;
on_cutms.10        =                  0 ;
on_cutms.14        =                  0 ;
++++++ warning: ignored because of unknown element: acfca.al5.b1
++++++ warning: ignored because of unknown element: acfca.ar5.b1
++++++ warning: ignored because of unknown element: acfca.al1.b1
++++++ warning: ignored because of unknown element: acfca.ar1.b1
++++++ warning: ignored because of unknown element: vacfca.al5.b1
++++++ warning: ignored because of unknown element: vacfca.ar5.b1
++++++ warning: ignored because of unknown element: vacfca.al1.b1
++++++ warning: ignored because of unknown element: vacfca.ar1.b1
++++++ warning: ignored because of unknown element: acfca.al5.b2
++++++ warning: ignored because of unknown element: acfca.ar5.b2
++++++ warning: ignored because of unknown element: acfca.al1.b2
++++++ warning: ignored because of unknown element: acfca.ar1.b2
++++++ warning: ignored because of unknown element: vacfca.al5.b2
++++++ warning: ignored because of unknown element: vacfca.ar5.b2
++++++ warning: ignored because of unknown element: vacfca.al1.b2
++++++ warning: ignored because of unknown element: vacfca.ar1.b2
++++++ warning: ignored because of unknown element: acfca.bl5.b1
++++++ warning: ignored because of unknown element: acfca.br5.b1
++++++ warning: ignored because of unknown element: acfca.bl1.b1
++++++ warning: ignored because of unknown element: acfca.br1.b1
++++++ warning: ignored because of unknown element: vacfca.bl5.b1
++++++ warning: ignored because of unknown element: vacfca.br5.b1
++++++ warning: ignored because of unknown element: vacfca.bl1.b1
++++++ warning: ignored because of unknown element: vacfca.br1.b1
++++++ warning: ignored because of unknown element: acfca.bl5.b2
++++++ warning: ignored because of unknown element: acfca.br5.b2
++++++ warning: ignored because of unknown element: acfca.bl1.b2
++++++ warning: ignored because of unknown element: acfca.br1.b2
++++++ warning: ignored because of unknown element: vacfca.bl5.b2
++++++ warning: ignored because of unknown element: vacfca.br5.b2
++++++ warning: ignored because of unknown element: vacfca.bl1.b2
++++++ warning: ignored because of unknown element: vacfca.br1.b2
++++++ warning: ignored because of unknown element: acfca.cl5.b1
++++++ warning: ignored because of unknown element: acfca.cr5.b1
++++++ warning: ignored because of unknown element: acfca.cl1.b1
++++++ warning: ignored because of unknown element: acfca.cr1.b1
++++++ warning: ignored because of unknown element: vacfca.cl5.b1
++++++ warning: ignored because of unknown element: vacfca.cr5.b1
++++++ warning: ignored because of unknown element: vacfca.cl1.b1
++++++ warning: ignored because of unknown element: vacfca.cr1.b1
++++++ warning: ignored because of unknown element: acfca.cl5.b2
++++++ warning: ignored because of unknown element: acfca.cr5.b2
++++++ warning: ignored because of unknown element: acfca.cl1.b2
++++++ warning: ignored because of unknown element: acfca.cr1.b2
++++++ warning: ignored because of unknown element: vacfca.cl5.b2
++++++ warning: ignored because of unknown element: vacfca.cr5.b2
++++++ warning: ignored because of unknown element: vacfca.cl1.b2
++++++ warning: ignored because of unknown element: vacfca.cr1.b2
++++++ warning: ignored because of unknown element: acfca.dl5.b1
++++++ warning: ignored because of unknown element: acfca.dr5.b1
++++++ warning: ignored because of unknown element: acfca.dl1.b1
++++++ warning: ignored because of unknown element: acfca.dr1.b1
++++++ warning: ignored because of unknown element: vacfca.dl5.b1
++++++ warning: ignored because of unknown element: vacfca.dr5.b1
++++++ warning: ignored because of unknown element: vacfca.dl1.b1
++++++ warning: ignored because of unknown element: vacfca.dr1.b1
++++++ warning: ignored because of unknown element: acfca.dl5.b2
++++++ warning: ignored because of unknown element: acfca.dr5.b2
++++++ warning: ignored because of unknown element: acfca.dl1.b2
++++++ warning: ignored because of unknown element: acfca.dr1.b2
++++++ warning: ignored because of unknown element: vacfca.dl5.b2
++++++ warning: ignored because of unknown element: vacfca.dr5.b2
++++++ warning: ignored because of unknown element: vacfca.dl1.b2
++++++ warning: ignored because of unknown element: vacfca.dr1.b2
poscraba1          =            154.817 ;
poscrabb1          =            155.867 ;
poscrabc1          =            162.257 ;
poscrabd1          =            163.307 ;
poscraba2          =            158.637 ;
poscrabb2          =            159.687 ;
poscrabc2          =            166.077 ;
poscrabd2          =            167.127 ;
poscraba1          =            154.817 ;
poscraba2          =            158.637 ;
poscrabb1          =            155.867 ;
poscrabb2          =            159.687 ;
poscrabc1          =            162.257 ;
poscrabc2          =            166.077 ;
poscrabd1          =            163.307 ;
poscrabd2          =            167.127 ;
postclmb.4c        =            170.756 ;
postclmb.4c        =            170.756 ;
postclmb.5c        =            199.591 ;
postclmb.5c        =            199.591 ;
postclmc.6c        =            222.567 ;
postclmc.6q        =            223.174 ;
postaxn            =            128.801 ;
postctv            =            131.949 ;
postctxh           =             133.95 ;
postclx            =            135.707 ;
postcl.5c          =            197.581 ;
postcl.5q          =             201.19 ;
postcl.6c          =            220.557 ;
postcl.6q          =            221.164 ;
posapwl1           =            168.118 ;
posapwl2           =            167.518 ;
postaxn            =            128.801 ;
installing MBH in Q8  IR7 in the ARC68
mbh_hsag           =    0.0008765610438 ;
g_mbh              =            0.01715 ;
r_mbh              =      0.02112343896 ;
pos_mbr            =         292.394742 ;
pos_mbl            =        -292.394742 ;
++++++ warning: ignored because of unknown element: mbh.a8r7.b1
++++++ warning: ignored because of unknown element: mbh.a8l7.b1
++++++ warning: ignored because of unknown element: s.tcld.8r7.b1
++++++ warning: ignored because of unknown element: tcld.8r7.b1
++++++ warning: ignored because of unknown element: e.tcld.8r7.b1
++++++ warning: ignored because of unknown element: mbh.b8r7.b1
++++++ warning: ignored because of unknown element: mbh.b8l7.b1
++++++ info: seqedit - number of elements installed:  7
++++++ info: seqedit - number of elements moved:      0
++++++ info: seqedit - number of elements removed:    2
++++++ info: seqedit - number of elements replaced:   0
++++++ info: pos_mbl redefined
++++++ info: pos_mbr redefined
++++++ warning: ignored because of unknown element: mbh.a8l7.b2
++++++ warning: ignored because of unknown element: mbh.a8r7.b2
++++++ warning: ignored because of unknown element: s.tcld.8l7.b2
++++++ warning: ignored because of unknown element: s.tcld.8r7.b2
++++++ warning: ignored because of unknown element: tcld.8l7.b2
++++++ warning: ignored because of unknown element: tcld.8r7.b2
++++++ warning: ignored because of unknown element: e.tcld.8l7.b2
++++++ warning: ignored because of unknown element: e.tcld.8r7.b2
++++++ warning: ignored because of unknown element: mbh.b8l7.b2
++++++ warning: ignored because of unknown element: mbh.b8r7.b2
++++++ info: seqedit - number of elements installed:  7
++++++ info: seqedit - number of elements moved:      0
++++++ info: seqedit - number of elements removed:    2
++++++ info: seqedit - number of elements replaced:   0
enter Twiss module
  
iteration:   1 error:   0.000000E+00 deltap:   0.000000E+00
orbit:   0.000000E+00  0.000000E+00  0.000000E+00  0.000000E+00  0.000000E+00  0.000000E+00

++++++ table: summ

length orbit5 alfa gammatr 
26658.8831999991 -0 0.000346564188860991 53.7165556899231 

q1 dq1 betxmax dxmax 
62.3100000632079 1.9654462263025 9232.99987494644 2.71638237061878 

dxrms xcomax xcorms q2 
1.48841599715586 0 0 60.3199996519853 

dq2 betymax dymax dyrms 
-0.116454412927199 9232.99891776031 0 0 

ycomax ycorms deltap synch_1 
0 0 0 0 

synch_2 synch_3 synch_4 synch_5 
0 0 0 0 

nflips 
0 
refbetxip1b1       = 0.349999992116767 ;
refbetyip1b1       = 0.400000034946022 ;
refbetxip5b1       = 0.400000031157977 ;
refbetyip5b1       = 0.350000026662282 ;
refbetxip2b1       = 9.99999961292672 ;
refbetyip2b1       = 10.0000005308098 ;
refbetxip8b1       = 2.99999945951277 ;
refbetyip8b1       = 2.99999973002681 ;
refqxb1            = 62.3100000632079 ;
refqyb1            = 60.3199996519853 ;
refdqxb1           = 1.9654462263025 ;
refdqyb1           = -0.116454412927199 ;
refxip1b1          = 0 ;
refyip1b1          = 0 ;
refxip5b1          = 0 ;
refyip5b1          = 0 ;
refxip2b1          = 0 ;
refyip2b1          = 0 ;
refxip8b1          = 0 ;
refyip8b1          = 0 ;
refpxip1b1         = 0 ;
refpyip1b1         = 0 ;
refpxip5b1         = 0 ;
refpyip5b1         = 0 ;
refpxip2b1         = 0 ;
refpyip2b1         = 0 ;
refpxip8b1         = 0 ;
refpyip8b1         = 0 ;
enter Twiss module
  
iteration:   1 error:   0.000000E+00 deltap:   0.000000E+00
orbit:   0.000000E+00  0.000000E+00  0.000000E+00  0.000000E+00  0.000000E+00  0.000000E+00

++++++ table: summ

length orbit5 alfa gammatr 
26658.8831999992 -0 0.00034570590243165 53.7831955854596 

q1 dq1 betxmax dxmax 
62.3100003447098 -1.80619341733393 9233.00084306142 2.74171771222129 

dxrms xcomax xcorms q2 
1.48687677902295 0 0 60.3200004280379 

dq2 betymax dymax dyrms 
0.061797436562787 9232.99990351806 0 0 

ycomax ycorms deltap synch_1 
0 0 0 0 

synch_2 synch_3 synch_4 synch_5 
0 0 0 0 

nflips 
0 
refbetxip1b2       = 0.349999953142039 ;
refbetyip1b2       = 0.399999970237138 ;
refbetxip5b2       = 0.399999926613481 ;
refbetyip5b2       = 0.349999990332024 ;
refbetxip2b2       = 10.0000007260513 ;
refbetyip2b2       = 10.0000001124078 ;
refbetxip8b2       = 3.00000049659541 ;
refbetyip8b2       = 3.000000263288 ;
refqxb2            = 62.3100003447098 ;
refqyb2            = 60.3200004280379 ;
refdqxb2           = -1.80619341733393 ;
refdqyb2           = 0.061797436562787 ;
refxip1b2          = 0 ;
refyip1b2          = 0 ;
refxip5b2          = 0 ;
refyip5b2          = 0 ;
refxip2b2          = 0 ;
refyip2b2          = 0 ;
refxip8b2          = 0 ;
refyip8b2          = 0 ;
refpxip1b2         = 0 ;
refpyip1b2         = 0 ;
refpxip5b2         = 0 ;
refpyip5b2         = 0 ;
refpxip2b2         = 0 ;
refpyip2b2         = 0 ;
refpxip8b2         = 0 ;
refpyip8b2         = 0 ;
enter Twiss module
  
iteration:   1 error:   0.000000E+00 deltap:   0.000000E+00
orbit:   0.000000E+00  0.000000E+00  0.000000E+00  0.000000E+00  0.000000E+00  0.000000E+00

++++++ table: summ

length orbit5 alfa gammatr 
26658.8831999991 -0 0.000346564188860992 53.7165556899231 

q1 dq1 betxmax dxmax 
62.3100000632091 1.96544622628023 9232.99987487874 2.71638237061829 

dxrms xcomax xcorms q2 
1.48838942813157 0 0 60.3199996519833 

dq2 betymax dymax dyrms 
-0.116454412879714 9232.99891771395 0 0 

ycomax ycorms deltap synch_1 
0 0 0 0 

synch_2 synch_3 synch_4 synch_5 
0 0 0 0 

nflips 
0 
enter Twiss module
  
iteration:   1 error:   0.000000E+00 deltap:   0.000000E+00
orbit:   0.000000E+00  0.000000E+00  0.000000E+00  0.000000E+00  0.000000E+00  0.000000E+00

++++++ table: summ

length orbit5 alfa gammatr 
26658.8831999991 -0 0.000345705902431651 53.7831955854595 

q1 dq1 betxmax dxmax 
62.3100003447078 -1.80619341736245 9233.00084314723 2.74171771221854 

dxrms xcomax xcorms q2 
1.48688002332207 0 0 60.3200004280394 

dq2 betymax dymax dyrms 
0.0617974365472252 9232.99990355902 0 0 

ycomax ycorms deltap synch_1 
0 0 0 0 

synch_2 synch_3 synch_4 synch_5 
0 0 0 0 

nflips 
0 
dmuxkickb1_tcsg*360 = 94.3224361222967 ;
dmuxkickb1_tcdq*360 = 93.392635564775 ;
dmuxkickb1*360     = 92.9628212221681 ;
dmuxkickb2_tcsg*360 = 96.0230099662354 ;
dmuxkickb2_tcdq*360 = 95.2719642021246 ;
dmuxkickb2*360     = 94.8759032159066 ;
betxtcdsb1         = 154.986012884048 ;
betytcdsb1         = 271.930252554434 ;
betxtcdsb2         = 150.132676978135 ;
betytcdsb2         = 242.804133789784 ;
betxtcdqb1         = 467.985066986991 ;
betytcdqb1         = 162.204446237336 ;
betxtcdqb2         = 507.767614425341 ;
betytcdqb2         = 172.495291220475 ;
dxtcdqb1           = 0.460407968272904 ;
dxtcdqb2           = -0.0379420883651137 ;
betxtdeb1          = 4877.35916409669 ;
betytdeb1          = 3184.86223435881 ;
sqrt(betxtdeb1*betytdeb1) = 3941.28367478609 ;
betxtdeb2          = 5264.94750954553 ;
betytdeb2          = 3484.12123724151 ;
sqrt(betxtdeb2*betytdeb2) = 4282.95638910431 ;
dtct1b1            = 23.3365725328915 ;
dtct5b1            = 54.4357286078468 ;
dtct1b2            = 38.3485176759342 ;
dtct5b2            = 7.24767329680993 ;
ddtct1b1           = -58.8338881590478 ;
ddtct1b1a          = -62.7210626228374 ;
ddtct5b1           = -23.1377011751451 ;
ddtct5b1a          = -27.0248756389347 ;
ddtct1b2           = -54.5336366636738 ;
ddtct1b2a          = -58.7505269543209 ;
ddtct5b2           = 89.1623868515755 ;
ddtct5b2a          = 84.9454965609297 ;
kq5.l6b1*23348     = 152.5687155872 ;
kq5.r6b1*23348     = -150.011062546569 ;
kq5.l6b2*23348     = -156.31639864924 ;
kq5.r6b2*23348     = 150.432214210675 ;
step 1  =   0.35 0.4 0.4 0.35 ;
step 2  =   350 400 400 350 ;
enter Twiss module
  
iteration:   1 error:   0.000000E+00 deltap:   0.000000E+00
orbit:   0.000000E+00  0.000000E+00  0.000000E+00  0.000000E+00  0.000000E+00  0.000000E+00

++++++ table: summ

length orbit5 alfa gammatr 
26658.8831999991 -0 0.000346564188860992 53.7165556899231 

q1 dq1 betxmax dxmax 
62.3100000632091 1.96544622628023 9232.99987487874 2.71638237061829 

dxrms xcomax xcorms q2 
1.48836233525197 0 0 60.3199996519833 

dq2 betymax dymax dyrms 
-0.116454412879714 9232.99891771395 0 0 

ycomax ycorms deltap synch_1 
0 0 0 0 

synch_2 synch_3 synch_4 synch_5 
0 0 0 0 

nflips 
0 
enter Twiss module
  
iteration:   1 error:   0.000000E+00 deltap:   0.000000E+00
orbit:   0.000000E+00  0.000000E+00  0.000000E+00  0.000000E+00  0.000000E+00  0.000000E+00

++++++ table: summ

length orbit5 alfa gammatr 
26658.8831999991 -0 0.000345705902431651 53.7831955854595 

q1 dq1 betxmax dxmax 
62.3100003447078 -1.80619341736245 9233.00084314723 2.74171771221854 

dxrms xcomax xcorms q2 
1.48693374905523 0 0 60.3200004280394 

dq2 betymax dymax dyrms 
0.0617974365472252 9232.99990355902 0 0 

ycomax ycorms deltap synch_1 
0 0 0 0 

synch_2 synch_3 synch_4 synch_5 
0 0 0 0 

nflips 
0 
dmuxkickb1_tcsg*360 = 94.3224361222967 ;
dmuxkickb1_tcdq*360 = 93.392635564775 ;
dmuxkickb1*360     = 92.9628212221681 ;
dmuxkickb2_tcsg*360 = 96.0230099662354 ;
dmuxkickb2_tcdq*360 = 95.2719642021246 ;
dmuxkickb2*360     = 94.8759032159066 ;
betxtcdsb1         = 154.986012884048 ;
betytcdsb1         = 271.930252554434 ;
betxtcdsb2         = 150.132676978135 ;
betytcdsb2         = 242.804133789784 ;
betxtcdqb1         = 467.985066986991 ;
betytcdqb1         = 162.204446237336 ;
betxtcdqb2         = 507.767614425341 ;
betytcdqb2         = 172.495291220475 ;
dxtcdqb1           = 0.460407968272904 ;
dxtcdqb2           = -0.0379420883651137 ;
betxtdeb1          = 4877.35916409669 ;
betytdeb1          = 3184.86223435881 ;
sqrt(betxtdeb1*betytdeb1) = 3941.28367478609 ;
betxtdeb2          = 5264.94750954553 ;
betytdeb2          = 3484.12123724151 ;
sqrt(betxtdeb2*betytdeb2) = 4282.95638910431 ;
dtct1b1            = 23.3365725328915 ;
dtct5b1            = 54.4357286078468 ;
dtct1b2            = 38.3485176759342 ;
dtct5b2            = 7.24767329680993 ;
ddtct1b1           = -58.8338881590478 ;
ddtct1b1a          = -62.7210626228374 ;
ddtct5b1           = -23.1377011751451 ;
ddtct5b1a          = -27.0248756389347 ;
ddtct1b2           = -54.5336366636738 ;
ddtct1b2a          = -58.7505269543209 ;
ddtct5b2           = 89.1623868515755 ;
ddtct5b2a          = 84.9454965609297 ;
kq5.l6b1*23348     = 152.5687155872 ;
kq5.r6b1*23348     = -150.011062546569 ;
kq5.l6b2*23348     = -156.31639864924 ;
kq5.r6b2*23348     = 150.432214210675 ;
Max number of match macros reached. Augmenting.
number of variables:    2
user given constraints: 0
total constraints:      4

START JACOBIAN:

 JACOBIAN Strategy =           3
Initial Penalty Function =   0.1345065545894110E-11


 Solve system with            4 con,           2 var
 Rank             2   Condition number    1.43058756415392     
 Step length   7.070480607109983E-008
call:     2 Dx =   0.70704806E-07  Penalty function =  0.4438999199769156E-24
 ++++++++++ JACOBIAN ended: converged successfully
 Final difference norm:  2.950136305858699E-005

MATCH SUMMARY

--------------------------------------------------------------------
macro: phasearc(1,2,12,b1) 
  constraint: mux12b1=refmux12b1                      
  values:     +5.24416e+00=+5.24416e+00
  weight:     +1.00000e+00
  penalty:    -4.76064e-13

  constraint: muy12b1=refmuy12b1                      
  values:     +5.21827e+00=+5.21827e+00
  weight:     +1.00000e+00
  penalty:    -4.52971e-14

macro: phasearc(1,2,12,b2) 
  constraint: mux12b2=refmux12b2                      
  values:     +5.21789e+00=+5.21789e+00
  weight:     +1.00000e+00
  penalty:    -4.60076e-13

  constraint: muy12b2=refmuy12b2                      
  values:     +5.24379e+00=+5.24379e+00
  weight:     +1.00000e+00
  penalty:    -5.95080e-14



Final Penalty Function =   4.43899920e-25



Variable                 Final Value  Initial Value Lower Limit  Upper Limit 
--------------------------------------------------------------------------------
kqf.a12                   8.70330e-03  8.70330e-03 -1.00000e+20  1.00000e+20
kqd.a12                  -8.70476e-03 -8.70476e-03 -1.00000e+20  1.00000e+20

END MATCH SUMMARY

VARIABLE "TAR" SET TO   4.43899920e-25
Max number of match macros reached. Augmenting.
number of variables:    2
user given constraints: 0
total constraints:      4

START JACOBIAN:

 JACOBIAN Strategy =           3
Initial Penalty Function =   0.0000000000000000E+00


 Final difference norm:  0.000000000000000E+000

MATCH SUMMARY

--------------------------------------------------------------------
macro: phasearc(2,3,23,b1) 
  constraint: mux23b1=refmux23b1                      
  values:     +5.30156e+00=+5.30156e+00
  weight:     +1.00000e+00
  penalty:    +0.00000e+00

  constraint: muy23b1=refmuy23b1                      
  values:     +5.24707e+00=+5.24707e+00
  weight:     +1.00000e+00
  penalty:    +0.00000e+00

macro: phasearc(2,3,23,b2) 
  constraint: mux23b2=refmux23b2                      
  values:     +5.32868e+00=+5.32868e+00
  weight:     +1.00000e+00
  penalty:    +0.00000e+00

  constraint: muy23b2=refmuy23b2                      
  values:     +5.22137e+00=+5.22137e+00
  weight:     +1.00000e+00
  penalty:    +0.00000e+00



Final Penalty Function =   0.00000000e+00



Variable                 Final Value  Initial Value Lower Limit  Upper Limit 
--------------------------------------------------------------------------------
kqf.a23                   8.79740e-03  8.79740e-03 -1.00000e+20  1.00000e+20
kqd.a23                  -8.72478e-03 -8.72478e-03 -1.00000e+20  1.00000e+20

END MATCH SUMMARY

VARIABLE "TAR" SET TO   0.00000000e+00
Max number of match macros reached. Augmenting.
number of variables:    2
user given constraints: 0
total constraints:      4

START JACOBIAN:

 JACOBIAN Strategy =           3
